#
# There is insufficient memory for the Java Runtime Environment to continue.
# Native memory allocation (malloc) failed to allocate 32744 bytes for ChunkPool::allocate
# Possible reasons:
#   The system is out of physical RAM or swap space
#   In 32 bit mode, the process size limit was hit
# Possible solutions:
#   Reduce memory load on the system
#   Increase physical memory or swap space
#   Check if swap backing store is full
#   Use 64 bit Java on a 64 bit OS
#   Decrease Java heap size (-Xmx/-Xms)
#   Decrease number of Java threads
#   Decrease Java thread stack sizes (-Xss)
#   Set larger code cache with -XX:ReservedCodeCacheSize=
# This output file may be truncated or incomplete.
#
#  Out of Memory Error (allocation.cpp:273), pid=6396, tid=0x0000000000001948
#
# JRE version: OpenJDK Runtime Environment (8.0_76-b03) (build 1.8.0_76-release-b03)
# Java VM: OpenJDK 64-Bit Server VM (25.76-b03 mixed mode windows-amd64 compressed oops)
# Failed to write core dump. Minidumps are not enabled by default on client versions of Windows
#

---------------  T H R E A D  ---------------

Current thread (0x0000000014df9000):  JavaThread "C1 CompilerThread1" daemon [_thread_in_native, id=6472, stack(0x0000000016200000,0x0000000016300000)]

Stack: [0x0000000016200000,0x0000000016300000]
[error occurred during error reporting (printing stack bounds), id 0xc0000005]

Native frames: (J=compiled Java code, j=interpreted, Vv=VM code, C=native code)


Current CompileTask:
C1:1280445 15706       3      
[error occurred during error reporting (printing current compile task), id 0xe0000001]


---------------  P R O C E S S  ---------------

Java Threads: ( => current thread )
  0x000000001b009000 JavaThread "Forward streams with process: command 'C:\Program Files\Android\Android Studio\jre\bin\java.exe' Thread 3" [_thread_in_native, id=2172, stack(0x0000000025250000,0x0000000025350000)]
  0x000000001b00a000 JavaThread "Forward streams with process: command 'C:\Program Files\Android\Android Studio\jre\bin\java.exe' Thread 2" [_thread_in_native, id=6572, stack(0x0000000025140000,0x0000000025240000)]
  0x0000000017b20800 JavaThread "Forward streams with process: command 'C:\Program Files\Android\Android Studio\jre\bin\java.exe'" [_thread_blocked, id=7844, stack(0x0000000024fd0000,0x00000000250d0000)]
  0x0000000017b22000 JavaThread "Run command 'C:\Program Files\Android\Android Studio\jre\bin\java.exe'" [_thread_in_native, id=8008, stack(0x0000000024af0000,0x0000000024bf0000)]
  0x000000001b00d000 JavaThread "Forward streams with process: command 'C:\Program Files\Android\Android Studio\jre\bin\java.exe' Thread 3" [_thread_blocked, id=8184, stack(0x0000000025640000,0x0000000025740000)]
  0x000000001b00c000 JavaThread "Forward streams with process: command 'C:\Program Files\Android\Android Studio\jre\bin\java.exe' Thread 2" [_thread_blocked, id=7840, stack(0x0000000025490000,0x0000000025590000)]
  0x000000001b00a800 JavaThread "Forward streams with process: command 'C:\Program Files\Android\Android Studio\jre\bin\java.exe'" [_thread_blocked, id=8096, stack(0x0000000024770000,0x0000000024870000)]
  0x000000001b141000 JavaThread "Run command 'C:\Program Files\Android\Android Studio\jre\bin\java.exe'" [_thread_in_native, id=5216, stack(0x0000000024c80000,0x0000000024d80000)]
  0x000000001b13f800 JavaThread "pool-12-thread-2" [_thread_blocked, id=6868, stack(0x0000000018bd0000,0x0000000018cd0000)]
  0x000000001b13d000 JavaThread "pool-12-thread-1" [_thread_blocked, id=6296, stack(0x0000000022990000,0x0000000022a90000)]
  0x00000000178f4000 JavaThread "Asynchronous log dispatcher for org.gradle.launcher.daemon.server.DefaultDaemonConnection@644902fa" [_thread_blocked, id=7480, stack(0x000000001f500000,0x000000001f600000)]
  0x00000000178f5800 JavaThread "Daemon worker Thread 4" [_thread_blocked, id=6512, stack(0x000000001e990000,0x000000001ea90000)]
  0x00000000178f6800 JavaThread "Cancel handler" [_thread_blocked, id=7988, stack(0x0000000018a80000,0x0000000018b80000)]
  0x00000000178f5000 JavaThread "Handler for socket connection from /127.0.0.1:49898 to /127.0.0.1:51170" [_thread_in_native, id=7992, stack(0x00000000187f0000,0x00000000188f0000)]
  0x00000000178f3800 JavaThread "Daemon Thread 4" [_thread_blocked, id=7192, stack(0x0000000018900000,0x0000000018a00000)]
  0x000000001b141800 JavaThread "pool-11-thread-4" [_thread_blocked, id=6804, stack(0x0000000022570000,0x0000000022670000)]
  0x000000001b13b800 JavaThread "pool-11-thread-3" [_thread_blocked, id=3104, stack(0x0000000024670000,0x0000000024770000)]
  0x000000001b13e800 JavaThread "pool-11-thread-2" [_thread_blocked, id=3852, stack(0x0000000018cf0000,0x0000000018df0000)]
  0x00000000178f7000 JavaThread "pool-11-thread-1" [_thread_blocked, id=7100, stack(0x0000000020490000,0x0000000020590000)]
  0x000000001b13b000 JavaThread "stdout" daemon [_thread_in_native, id=5300, stack(0x0000000022ef0000,0x0000000022ff0000)]
  0x000000001afc1000 JavaThread "stderr" daemon [_thread_in_native, id=6832, stack(0x00000000221e0000,0x00000000222e0000)]
  0x000000001afc0800 JavaThread "stdout" daemon [_thread_in_native, id=1044, stack(0x0000000022d00000,0x0000000022e00000)]
  0x000000001afbf800 JavaThread "stderr" daemon [_thread_in_native, id=2868, stack(0x0000000022c00000,0x0000000022d00000)]
  0x000000001afbf000 JavaThread "stdout" daemon [_thread_in_native, id=6272, stack(0x0000000021fb0000,0x00000000220b0000)]
  0x000000001afbe000 JavaThread "stderr" daemon [_thread_in_native, id=2160, stack(0x0000000022ab0000,0x0000000022bb0000)]
  0x000000001afbd800 JavaThread "stdout" daemon [_thread_in_native, id=1156, stack(0x0000000022880000,0x0000000022980000)]
  0x000000001afbc800 JavaThread "stderr" daemon [_thread_in_native, id=6584, stack(0x0000000022690000,0x0000000022790000)]
  0x000000001afbc000 JavaThread "stdout" daemon [_thread_in_native, id=6216, stack(0x0000000022460000,0x0000000022560000)]
  0x000000001afbb000 JavaThread "stderr" daemon [_thread_in_native, id=5336, stack(0x0000000021d90000,0x0000000021e90000)]
  0x000000001afba800 JavaThread "png-cruncher_15" daemon [_thread_blocked, id=3336, stack(0x00000000222e0000,0x00000000223e0000)]
  0x000000001a566000 JavaThread "png-cruncher_14" daemon [_thread_blocked, id=4300, stack(0x000000001f1a0000,0x000000001f2a0000)]
  0x000000001a565000 JavaThread "png-cruncher_13" daemon [_thread_blocked, id=5920, stack(0x00000000220d0000,0x00000000221d0000)]
  0x000000001a564800 JavaThread "png-cruncher_12" daemon [_thread_blocked, id=6916, stack(0x0000000021eb0000,0x0000000021fb0000)]
  0x000000001a563800 JavaThread "png-cruncher_11" daemon [_thread_blocked, id=6668, stack(0x00000000215e0000,0x00000000216e0000)]
  0x000000001a563000 JavaThread "stdout" daemon [_thread_in_native, id=6416, stack(0x0000000021c60000,0x0000000021d60000)]
  0x000000001a562000 JavaThread "stderr" daemon [_thread_in_native, id=6840, stack(0x0000000021a90000,0x0000000021b90000)]
  0x000000001a561800 JavaThread "stdout" daemon [_thread_in_native, id=5296, stack(0x00000000218f0000,0x00000000219f0000)]
  0x000000001a560800 JavaThread "stderr" daemon [_thread_in_native, id=5744, stack(0x0000000021730000,0x0000000021830000)]
  0x000000001a560000 JavaThread "stdout" daemon [_thread_in_native, id=5800, stack(0x00000000207f0000,0x00000000208f0000)]
  0x000000001a55f000 JavaThread "stderr" daemon [_thread_in_native, id=6996, stack(0x00000000214b0000,0x00000000215b0000)]
  0x000000001a347000 JavaThread "stdout" daemon [_thread_in_native, id=5260, stack(0x00000000211e0000,0x00000000212e0000)]
  0x000000001a346000 JavaThread "stderr" daemon [_thread_in_native, id=6880, stack(0x00000000205e0000,0x00000000206e0000)]
  0x000000001a345800 JavaThread "stdout" daemon [_thread_in_native, id=6336, stack(0x00000000212e0000,0x00000000213e0000)]
  0x000000001a344800 JavaThread "stderr" daemon [_thread_in_native, id=6788, stack(0x00000000210e0000,0x00000000211e0000)]
  0x000000001a343800 JavaThread "stdout" daemon [_thread_in_native, id=6604, stack(0x0000000020f50000,0x0000000021050000)]
  0x000000001a343000 JavaThread "stderr" daemon [_thread_in_native, id=7084, stack(0x0000000020df0000,0x0000000020ef0000)]
  0x000000001a342000 JavaThread "stdout" daemon [_thread_in_native, id=5696, stack(0x0000000020c60000,0x0000000020d60000)]
  0x000000001a341800 JavaThread "stderr" daemon [_thread_in_native, id=5140, stack(0x0000000020a30000,0x0000000020b30000)]
  0x000000001a340800 JavaThread "stdout" daemon [_thread_in_native, id=5908, stack(0x0000000020b50000,0x0000000020c50000)]
  0x000000001a340000 JavaThread "stderr" daemon [_thread_in_native, id=7032, stack(0x0000000020930000,0x0000000020a30000)]
  0x0000000017a9f800 JavaThread "stdout" daemon [_thread_in_native, id=6752, stack(0x000000001f3c0000,0x000000001f4c0000)]
  0x0000000017a9f000 JavaThread "stderr" daemon [_thread_in_native, id=6508, stack(0x00000000206f0000,0x00000000207f0000)]
  0x0000000017a9d800 JavaThread "stdout" daemon [_thread_in_native, id=3128, stack(0x000000001fe90000,0x000000001ff90000)]
  0x0000000017a9c800 JavaThread "stderr" daemon [_thread_in_native, id=6492, stack(0x0000000020340000,0x0000000020440000)]
  0x0000000017a9c000 JavaThread "png-cruncher_10" daemon [_thread_blocked, id=6844, stack(0x0000000020120000,0x0000000020220000)]
  0x0000000017a9b000 JavaThread "png-cruncher_9" daemon [_thread_blocked, id=6624, stack(0x000000001ffd0000,0x00000000200d0000)]
  0x0000000017a9a800 JavaThread "png-cruncher_8" daemon [_thread_blocked, id=5700, stack(0x000000001fc90000,0x000000001fd90000)]
  0x0000000017a99800 JavaThread "png-cruncher_7" daemon [_thread_blocked, id=4108, stack(0x000000001fd90000,0x000000001fe90000)]
  0x0000000017a99000 JavaThread "png-cruncher_6" daemon [_thread_blocked, id=3944, stack(0x000000001fb20000,0x000000001fc20000)]
  0x0000000017b26000 JavaThread "png-cruncher_5" daemon [_thread_blocked, id=6556, stack(0x000000001f710000,0x000000001f810000)]
  0x0000000017b25000 JavaThread "png-cruncher_4" daemon [_thread_blocked, id=6356, stack(0x000000001f9b0000,0x000000001fab0000)]
  0x0000000017b24800 JavaThread "png-cruncher_3" daemon [_thread_blocked, id=5996, stack(0x000000001f890000,0x000000001f990000)]
  0x0000000017b23800 JavaThread "png-cruncher_2" daemon [_thread_blocked, id=6728, stack(0x000000001f600000,0x000000001f700000)]
  0x00000000178f2800 JavaThread "png-cruncher_1" daemon [_thread_blocked, id=7016, stack(0x000000001d410000,0x000000001d510000)]
  0x0000000017a3e800 JavaThread "File lock request listener" [_thread_in_native, id=6564, stack(0x000000001a740000,0x000000001a840000)]
  0x00000000173a8000 JavaThread "pool-1-thread-1" [_thread_blocked, id=6504, stack(0x0000000018670000,0x0000000018770000)]
  0x000000001739a800 JavaThread "Incoming local TCP Connector on port 49898" [_thread_in_native, id=6500, stack(0x0000000018170000,0x0000000018270000)]
  0x0000000014dfb000 JavaThread "Service Thread" daemon [_thread_blocked, id=6476, stack(0x0000000016340000,0x0000000016440000)]
=>0x0000000014df9000 JavaThread "C1 CompilerThread1" daemon [_thread_in_native, id=6472, stack(0x0000000016200000,0x0000000016300000)]
  0x0000000014df4000 JavaThread "C2 CompilerThread0" daemon [_thread_blocked, id=6468, stack(0x00000000160a0000,0x00000000161a0000)]
  0x0000000014df3000 JavaThread "Attach Listener" daemon [_thread_blocked, id=6464, stack(0x0000000015db0000,0x0000000015eb0000)]
  0x0000000014e01800 JavaThread "Signal Dispatcher" daemon [_thread_blocked, id=6460, stack(0x0000000015bc0000,0x0000000015cc0000)]
  0x0000000014dd7000 JavaThread "Finalizer" daemon [_thread_blocked, id=6456, stack(0x0000000015820000,0x0000000015920000)]
  0x0000000014d93800 JavaThread "Reference Handler" daemon [_thread_blocked, id=6452, stack(0x0000000015ab0000,0x0000000015bb0000)]
  0x000000000235e800 JavaThread "main" [_thread_blocked, id=6432, stack(0x0000000002680000,0x0000000002780000)]

Other Threads:
  0x0000000014d8b800 VMThread [stack: 0x0000000015970000,0x0000000015a70000] [id=6444]
  0x0000000014e04000 WatcherThread [stack: 0x00000000164a0000,0x00000000165a0000] [id=6480]

VM state:not at safepoint (normal execution)

VM Mutex/Monitor currently owned by a thread: None

Heap:
 PSYoungGen      total 326144K, used 21376K [0x00000000eab00000, 0x00000000ffd80000, 0x0000000100000000)
  eden space 305664K, 5% used [0x00000000eab00000,0x00000000ebad1f60,0x00000000fd580000)
  from space 20480K, 25% used [0x00000000fe980000,0x00000000fee8e490,0x00000000ffd80000)
  to   space 20480K, 0% used [0x00000000fd580000,0x00000000fd580000,0x00000000fe980000)
 ParOldGen       total 87040K, used 60302K [0x00000000c0000000, 0x00000000c5500000, 0x00000000eab00000)
  object space 87040K, 69% used [0x00000000c0000000,0x00000000c3ae39e0,0x00000000c5500000)
 Metaspace       used 71236K, capacity 74484K, committed 74672K, reserved 1114112K
  class space    used 9237K, capacity 9844K, committed 9904K, reserved 1048576K

Card table byte_map: [0x0000000011e10000,0x0000000012020000] byte_map_base: 0x0000000011810000

Marking Bits: (ParMarkBitMap*) 0x0000000054a49d00
 Begin Bits: [0x0000000012260000, 0x0000000013260000)
 End Bits:   [0x0000000013260000, 0x0000000014260000)

Polling page: 0x0000000000440000

CodeCache: size=245760Kb used=45576Kb max_used=45639Kb free=200183Kb
 bounds [0x0000000002a50000, 0x0000000005730000, 0x0000000011a50000]
 total_blobs=13523 nmethods=12780 adapters=656
 compilation: enabled

Compilation events (10 events):
Event: 1253.468 Thread 0x0000000014df9000 nmethod 15701 0x00000000053b1790 code [0x00000000053b18e0, 0x00000000053b19f0]
Event: 1253.604 Thread 0x0000000014df9000 15702       1       org.gradle.util.DisconnectableInputStream::access$200 (5 bytes)
Event: 1253.604 Thread 0x0000000014df9000 nmethod 15702 0x00000000039f3cd0 code [0x00000000039f3e20, 0x00000000039f3f10]
Event: 1253.605 Thread 0x0000000014df9000 15703       1       org.gradle.util.DisconnectableInputStream::access$300 (5 bytes)
Event: 1253.605 Thread 0x0000000014df9000 nmethod 15703 0x00000000056ed750 code [0x00000000056ed8a0, 0x00000000056ed990]
Event: 1265.050 Thread 0x0000000014df4000 15704   !   4       java.io.ObjectInputStream::readObject0 (554 bytes)
Event: 1265.659 Thread 0x0000000014df4000 nmethod 15704 0x0000000005707c10 code [0x00000000057087c0, 0x0000000005711fd0]
Event: 1267.055 Thread 0x0000000014df4000 15705       4       java.util.Collections$UnmodifiableMap$UnmodifiableEntrySet$UnmodifiableEntry::getValue (10 bytes)
Event: 1267.056 Thread 0x0000000014df4000 nmethod 15705 0x000000000366c210 code [0x000000000366c360, 0x000000000366c458]
Event: 1280.010 Thread 0x0000000014df9000 15706       3       java.util.concurrent.SynchronousQueue$TransferStack::awaitFulfill (166 bytes)

GC Heap History (10 events):
Event: 633.133 GC heap before
{Heap before GC invocations=20 (full 5):
 PSYoungGen      total 323584K, used 80394K [0x00000000eab00000, 0x00000000ffe80000, 0x0000000100000000)
  eden space 301568K, 25% used [0x00000000eab00000,0x00000000ef615b78,0x00000000fd180000)
  from space 22016K, 15% used [0x00000000fe900000,0x00000000fec6cf28,0x00000000ffe80000)
  to   space 23040K, 0% used [0x00000000fd180000,0x00000000fd180000,0x00000000fe800000)
 ParOldGen       total 87040K, used 55035K [0x00000000c0000000, 0x00000000c5500000, 0x00000000eab00000)
  object space 87040K, 63% used [0x00000000c0000000,0x00000000c35beef8,0x00000000c5500000)
 Metaspace       used 68898K, capacity 71806K, committed 71984K, reserved 1112064K
  class space    used 8949K, capacity 9511K, committed 9520K, reserved 1048576K
Event: 633.146 GC heap after
Heap after GC invocations=20 (full 5):
 PSYoungGen      total 324608K, used 1869K [0x00000000eab00000, 0x00000000ffe80000, 0x0000000100000000)
  eden space 301568K, 0% used [0x00000000eab00000,0x00000000eab00000,0x00000000fd180000)
  from space 23040K, 8% used [0x00000000fd180000,0x00000000fd3534c0,0x00000000fe800000)
  to   space 23040K, 0% used [0x00000000fe800000,0x00000000fe800000,0x00000000ffe80000)
 ParOldGen       total 87040K, used 56655K [0x00000000c0000000, 0x00000000c5500000, 0x00000000eab00000)
  object space 87040K, 65% used [0x00000000c0000000,0x00000000c3753c28,0x00000000c5500000)
 Metaspace       used 68898K, capacity 71806K, committed 71984K, reserved 1112064K
  class space    used 8949K, capacity 9511K, committed 9520K, reserved 1048576K
}
Event: 633.146 GC heap before
{Heap before GC invocations=21 (full 6):
 PSYoungGen      total 324608K, used 1869K [0x00000000eab00000, 0x00000000ffe80000, 0x0000000100000000)
  eden space 301568K, 0% used [0x00000000eab00000,0x00000000eab00000,0x00000000fd180000)
  from space 23040K, 8% used [0x00000000fd180000,0x00000000fd3534c0,0x00000000fe800000)
  to   space 23040K, 0% used [0x00000000fe800000,0x00000000fe800000,0x00000000ffe80000)
 ParOldGen       total 87040K, used 56655K [0x00000000c0000000, 0x00000000c5500000, 0x00000000eab00000)
  object space 87040K, 65% used [0x00000000c0000000,0x00000000c3753c28,0x00000000c5500000)
 Metaspace       used 68898K, capacity 71806K, committed 71984K, reserved 1112064K
  class space    used 8949K, capacity 9511K, committed 9520K, reserved 1048576K
Event: 634.229 GC heap after
Heap after GC invocations=21 (full 6):
 PSYoungGen      total 324608K, used 0K [0x00000000eab00000, 0x00000000ffe80000, 0x0000000100000000)
  eden space 301568K, 0% used [0x00000000eab00000,0x00000000eab00000,0x00000000fd180000)
  from space 23040K, 0% used [0x00000000fd180000,0x00000000fd180000,0x00000000fe800000)
  to   space 23040K, 0% used [0x00000000fe800000,0x00000000fe800000,0x00000000ffe80000)
 ParOldGen       total 87040K, used 55518K [0x00000000c0000000, 0x00000000c5500000, 0x00000000eab00000)
  object space 87040K, 63% used [0x00000000c0000000,0x00000000c3637900,0x00000000c5500000)
 Metaspace       used 68895K, capacity 71798K, committed 71984K, reserved 1112064K
  class space    used 8948K, capacity 9509K, committed 9520K, reserved 1048576K
}
Event: 1227.700 GC heap before
{Heap before GC invocations=22 (full 6):
 PSYoungGen      total 324608K, used 301568K [0x00000000eab00000, 0x00000000ffe80000, 0x0000000100000000)
  eden space 301568K, 100% used [0x00000000eab00000,0x00000000fd180000,0x00000000fd180000)
  from space 23040K, 0% used [0x00000000fd180000,0x00000000fd180000,0x00000000fe800000)
  to   space 23040K, 0% used [0x00000000fe800000,0x00000000fe800000,0x00000000ffe80000)
 ParOldGen       total 87040K, used 55518K [0x00000000c0000000, 0x00000000c5500000, 0x00000000eab00000)
  object space 87040K, 63% used [0x00000000c0000000,0x00000000c3637900,0x00000000c5500000)
 Metaspace       used 69382K, capacity 72372K, committed 72624K, reserved 1112064K
  class space    used 8984K, capacity 9556K, committed 9648K, reserved 1048576K
Event: 1227.750 GC heap after
Heap after GC invocations=22 (full 6):
 PSYoungGen      total 325120K, used 7904K [0x00000000eab00000, 0x00000000ffe00000, 0x0000000100000000)
  eden space 302592K, 0% used [0x00000000eab00000,0x00000000eab00000,0x00000000fd280000)
  from space 22528K, 35% used [0x00000000fe800000,0x00000000fefb8020,0x00000000ffe00000)
  to   space 22016K, 0% used [0x00000000fd280000,0x00000000fd280000,0x00000000fe800000)
 ParOldGen       total 87040K, used 55526K [0x00000000c0000000, 0x00000000c5500000, 0x00000000eab00000)
  object space 87040K, 63% used [0x00000000c0000000,0x00000000c3639900,0x00000000c5500000)
 Metaspace       used 69382K, capacity 72372K, committed 72624K, reserved 1112064K
  class space    used 8984K, capacity 9556K, committed 9648K, reserved 1048576K
}
Event: 1237.380 GC heap before
{Heap before GC invocations=23 (full 6):
 PSYoungGen      total 325120K, used 310013K [0x00000000eab00000, 0x00000000ffe00000, 0x0000000100000000)
  eden space 302592K, 99% used [0x00000000eab00000,0x00000000fd207400,0x00000000fd280000)
  from space 22528K, 35% used [0x00000000fe800000,0x00000000fefb8020,0x00000000ffe00000)
  to   space 22016K, 0% used [0x00000000fd280000,0x00000000fd280000,0x00000000fe800000)
 ParOldGen       total 87040K, used 55526K [0x00000000c0000000, 0x00000000c5500000, 0x00000000eab00000)
  object space 87040K, 63% used [0x00000000c0000000,0x00000000c3639900,0x00000000c5500000)
 Metaspace       used 69767K, capacity 72876K, committed 73136K, reserved 1112064K
  class space    used 9012K, capacity 9608K, committed 9648K, reserved 1048576K
Event: 1237.400 GC heap after
Heap after GC invocations=23 (full 6):
 PSYoungGen      total 324608K, used 3286K [0x00000000eab00000, 0x00000000ffe80000, 0x0000000100000000)
  eden space 302592K, 0% used [0x00000000eab00000,0x00000000eab00000,0x00000000fd280000)
  from space 22016K, 14% used [0x00000000fd280000,0x00000000fd5b5b08,0x00000000fe800000)
  to   space 21504K, 0% used [0x00000000fe980000,0x00000000fe980000,0x00000000ffe80000)
 ParOldGen       total 87040K, used 60294K [0x00000000c0000000, 0x00000000c5500000, 0x00000000eab00000)
  object space 87040K, 69% used [0x00000000c0000000,0x00000000c3ae19e0,0x00000000c5500000)
 Metaspace       used 69767K, capacity 72876K, committed 73136K, reserved 1112064K
  class space    used 9012K, capacity 9608K, committed 9648K, reserved 1048576K
}
Event: 1246.204 GC heap before
{Heap before GC invocations=24 (full 6):
 PSYoungGen      total 324608K, used 305878K [0x00000000eab00000, 0x00000000ffe80000, 0x0000000100000000)
  eden space 302592K, 100% used [0x00000000eab00000,0x00000000fd280000,0x00000000fd280000)
  from space 22016K, 14% used [0x00000000fd280000,0x00000000fd5b5b08,0x00000000fe800000)
  to   space 21504K, 0% used [0x00000000fe980000,0x00000000fe980000,0x00000000ffe80000)
 ParOldGen       total 87040K, used 60294K [0x00000000c0000000, 0x00000000c5500000, 0x00000000eab00000)
  object space 87040K, 69% used [0x00000000c0000000,0x00000000c3ae19e0,0x00000000c5500000)
 Metaspace       used 71235K, capacity 74484K, committed 74672K, reserved 1114112K
  class space    used 9237K, capacity 9844K, committed 9904K, reserved 1048576K
Event: 1246.219 GC heap after
Heap after GC invocations=24 (full 6):
 PSYoungGen      total 326144K, used 5177K [0x00000000eab00000, 0x00000000ffd80000, 0x0000000100000000)
  eden space 305664K, 0% used [0x00000000eab00000,0x00000000eab00000,0x00000000fd580000)
  from space 20480K, 25% used [0x00000000fe980000,0x00000000fee8e490,0x00000000ffd80000)
  to   space 20480K, 0% used [0x00000000fd580000,0x00000000fd580000,0x00000000fe980000)
 ParOldGen       total 87040K, used 60302K [0x00000000c0000000, 0x00000000c5500000, 0x00000000eab00000)
  object space 87040K, 69% used [0x00000000c0000000,0x00000000c3ae39e0,0x00000000c5500000)
 Metaspace       used 71235K, capacity 74484K, committed 74672K, reserved 1114112K
  class space    used 9237K, capacity 9844K, committed 9904K, reserved 1048576K
}

Deoptimization events (10 events):
Event: 1231.871 Thread 0x00000000178f5800 Uncommon trap: reason=unstable_if action=reinterpret pc=0x00000000039c57d0 method=com.sun.tools.javac.jvm.ClassWriter.writeFlagAttrs(J)I @ 167
Event: 1235.382 Thread 0x00000000178f5800 Uncommon trap: reason=unstable_if action=reinterpret pc=0x00000000055bc0f0 method=com.sun.tools.javac.comp.Resolve.findInheritedMemberType(Lcom/sun/tools/javac/comp/Env;Lcom/sun/tools/javac/code/Type;Lcom/sun/tools/javac/util/Name;Lcom/sun/tools/javac/code4-‚6¼T“@
Event: 1237.184 Thread 0x00000000178f5800 Uncommon trap: reason=class_check action=maybe_recompile pc=0x00000000050e4de8 method=com.android.builder.internal.packaging.zip.ZipField.checkVerifiesInvariants(J)V @ 25
Event: 1237.266 Thread 0x00000000178f5800 Uncommon trap: reason=class_check action=maybe_recompile pc=0x00000000050e4de8 method=com.android.builder.internal.packaging.zip.ZipField.checkVerifiesInvariants(J)V @ 25
Event: 1237.867 Thread 0x00000000178f5800 Uncommon trap: reason=bimorphic action=maybe_recompile pc=0x00000000043a4538 method=java.io.BufferedInputStream.read1([BII)I @ 39
Event: 1237.868 Thread 0x00000000178f5800 Uncommon trap: reason=bimorphic action=maybe_recompile pc=0x00000000043a4538 method=java.io.BufferedInputStream.read1([BII)I @ 39
Event: 1237.906 Thread 0x00000000178f5800 Uncommon trap: reason=unstable_if action=reinterpret pc=0x00000000052ac888 method=org.objectweb.asm.MethodWriter.visitLabel(Lorg/objectweb/asm/Label;)V @ 42
Event: 1237.906 Thread 0x00000000178f5800 Uncommon trap: reason=unstable_if action=reinterpret pc=0x0000000005284d4c method=org.objectweb.asm.MethodWriter.visitVarInsn(II)V @ 15
Event: 1237.906 Thread 0x00000000178f5800 Uncommon trap: reason=unstable_if action=reinterpret pc=0x00000000052c0b4c method=org.objectweb.asm.MethodWriter.visitMethodInsn(ILjava/lang/String;Ljava/lang/String;Ljava/lang/String;Z)V @ 37
Event: 1237.906 Thread 0x00000000178f5800 Uncommon trap: reason=unstable_if action=reinterpret pc=0x0000000004bc2eb4 method=org.objectweb.asm.MethodWriter.visitInsn(I)V @ 24

Internal exceptions (10 events):
Event: 1191.372 Thread 0x00000000178f5800 Exception <a 'java/lang/ClassNotFoundException': asLocalRepo161_cmt93hw86lygwxe3rvurh333bBeanInfo> (0x00000000ef4fa000) thrown at [C:\src\android\AOSP-openjdk\external\jetbrains\jdk\hotspot\src\share\vm\classfile\systemDictionary.cpp, line 210]
Event: 1191.372 Thread 0x00000000178f5800 Exception <a 'java/lang/ClassNotFoundException': asLocalRepo161_cmt93hw86lygwxe3rvurh333bCustomizer> (0x00000000ef503b40) thrown at [C:\src\android\AOSP-openjdk\external\jetbrains\jdk\hotspot\src\share\vm\classfile\systemDictionary.cpp, line 210]
Event: 1236.937 Thread 0x000000001b13f800 Exception <a 'sun/nio/fs/WindowsException'> (0x00000000f4d300a8) thrown at [C:\src\android\AOSP-openjdk\external\jetbrains\jdk\hotspot\src\share\vm\prims\jni.cpp, line 709]
Event: 1236.938 Thread 0x000000001b13d000 Exception <a 'sun/nio/fs/WindowsException'> (0x00000000f4cf6018) thrown at [C:\src\android\AOSP-openjdk\external\jetbrains\jdk\hotspot\src\share\vm\prims\jni.cpp, line 709]
Event: 1236.938 Thread 0x000000001b13f800 Exception <a 'sun/nio/fs/WindowsException'> (0x00000000f4d30850) thrown at [C:\src\android\AOSP-openjdk\external\jetbrains\jdk\hotspot\src\share\vm\prims\jni.cpp, line 709]
Event: 1236.969 Thread 0x000000001b13d000 Exception <a 'sun/nio/fs/WindowsException'> (0x00000000f4cf6bf8) thrown at [C:\src\android\AOSP-openjdk\external\jetbrains\jdk\hotspot\src\share\vm\prims\jni.cpp, line 709]
Event: 1236.969 Thread 0x000000001b13d000 Exception <a 'sun/nio/fs/WindowsException'> (0x00000000f4cf73a8) thrown at [C:\src\android\AOSP-openjdk\external\jetbrains\jdk\hotspot\src\share\vm\prims\jni.cpp, line 709]
Event: 1237.906 Thread 0x00000000178f5800 Implicit null exception at 0x00000000052846bf to 0x0000000005284d41
Event: 1237.906 Thread 0x00000000178f5800 Implicit null exception at 0x00000000052bff70 to 0x00000000052c0b3d
Event: 1237.906 Thread 0x00000000178f5800 Implicit null exception at 0x0000000004bc2bf3 to 0x0000000004bc2ea5

Events (10 events):
Event: 1266.586 Thread 0x000000001b00a000 Thread exited: 0x000000001b00a000
Event: 1266.586 Thread 0x0000000017b22000 Thread exited: 0x0000000017b22000
Event: 1267.056 Thread 0x0000000014df4000 flushing nmethod 0x000000000437c7d0
Event: 1267.057 Thread 0x0000000014df4000 flushing nmethod 0x000000000452e090
Event: 1267.057 Thread 0x0000000017b22000 Thread added: 0x0000000017b22000
Event: 1267.222 Thread 0x0000000017b23000 Thread added: 0x0000000017b23000
Event: 1267.222 Thread 0x0000000017b20800 Thread added: 0x0000000017b20800
Event: 1267.222 Thread 0x000000001b00a000 Thread added: 0x000000001b00a000
Event: 1267.222 Thread 0x000000001b009000 Thread added: 0x000000001b009000
Event: 1267.270 Thread 0x0000000017b23000 Thread exited: 0x0000000017b23000


Dynamic libraries:
0x000000013fc20000 - 0x000000013fc51000 	C:\Program Files\Android\Android Studio\jre\bin\java.exe
0x0000000076d70000 - 0x0000000076f1a000 	C:\windows\SYSTEM32\ntdll.dll
0x0000000076b50000 - 0x0000000076c6f000 	C:\windows\system32\kernel32.dll
0x000007fefcc10000 - 0x000007fefcc7a000 	C:\windows\system32\KERNELBASE.dll
0x000007fefd9b0000 - 0x000007fefda8b000 	C:\windows\system32\ADVAPI32.dll
0x000007fefd1e0000 - 0x000007fefd27f000 	C:\windows\system32\msvcrt.dll
0x000007fefe130000 - 0x000007fefe14f000 	C:\windows\SYSTEM32\sechost.dll
0x000007fefef50000 - 0x000007feff07d000 	C:\windows\system32\RPCRT4.dll
0x0000000076c70000 - 0x0000000076d6a000 	C:\windows\system32\USER32.dll
0x000007fefeee0000 - 0x000007fefef47000 	C:\windows\system32\GDI32.dll
0x000007fefd9a0000 - 0x000007fefd9ae000 	C:\windows\system32\LPK.dll
0x000007fefdfc0000 - 0x000007fefe08a000 	C:\windows\system32\USP10.dll
0x000007fefa140000 - 0x000007fefa334000 	C:\windows\WinSxS\amd64_microsoft.windows.common-controls_6595b64144ccf1df_6.0.7601.18837_none_fa3b1e3d17594757\COMCTL32.dll
0x000007fefe0b0000 - 0x000007fefe121000 	C:\windows\system32\SHLWAPI.dll
0x000007fefdc40000 - 0x000007fefdc6e000 	C:\windows\system32\IMM32.DLL
0x000007fefda90000 - 0x000007fefdb99000 	C:\windows\system32\MSCTF.dll
0x000007fefc9f0000 - 0x000007fefca06000 	C:\windows\system32\nvinitx.dll
0x000000005dc10000 - 0x000000005dce2000 	C:\Program Files\Android\Android Studio\jre\jre\bin\msvcr100.dll
0x0000000054290000 - 0x0000000054ac4000 	C:\Program Files\Android\Android Studio\jre\jre\bin\server\jvm.dll
0x000007fef8010000 - 0x000007fef8019000 	C:\windows\system32\WSOCK32.dll
0x000007fefcec0000 - 0x000007fefcf0d000 	C:\windows\system32\WS2_32.dll
0x000007fefded0000 - 0x000007fefded8000 	C:\windows\system32\NSI.dll
0x000007fef95b0000 - 0x000007fef95eb000 	C:\windows\system32\WINMM.dll
0x000007fefb940000 - 0x000007fefb94c000 	C:\windows\system32\VERSION.dll
0x0000000076f30000 - 0x0000000076f37000 	C:\windows\system32\PSAPI.DLL
0x000007fef60d0000 - 0x000007fef60df000 	C:\Program Files\Android\Android Studio\jre\jre\bin\verify.dll
0x000007fef6010000 - 0x000007fef6039000 	C:\Program Files\Android\Android Studio\jre\jre\bin\java.dll
0x000007fef5ff0000 - 0x000007fef6006000 	C:\Program Files\Android\Android Studio\jre\jre\bin\zip.dll
0x000007fefe150000 - 0x000007fefeeda000 	C:\windows\system32\SHELL32.dll
0x000007fefd280000 - 0x000007fefd483000 	C:\windows\system32\ole32.dll
0x000007fefcaa0000 - 0x000007fefcaaf000 	C:\windows\system32\profapi.dll
0x000007fef4030000 - 0x000007fef404a000 	C:\Program Files\Android\Android Studio\jre\jre\bin\net.dll
0x000007fefc230000 - 0x000007fefc285000 	C:\windows\system32\mswsock.dll
0x000007fefc220000 - 0x000007fefc227000 	C:\windows\System32\wship6.dll
0x000007fef1f50000 - 0x000007fef1f61000 	C:\Program Files\Android\Android Studio\jre\jre\bin\nio.dll
0x000007fef60e0000 - 0x000007fef60f2000 	C:\Users\qq\.gradle\native\19\windows-amd64\native-platform.dll
0x000007fefc290000 - 0x000007fefc2a8000 	C:\windows\system32\CRYPTSP.dll
0x000007fefbf90000 - 0x000007fefbfd7000 	C:\windows\system32\rsaenh.dll
0x000007fefce40000 - 0x000007fefce5e000 	C:\windows\system32\USERENV.dll
0x000007fefc920000 - 0x000007fefc92f000 	C:\windows\system32\CRYPTBASE.dll
0x000007fef9560000 - 0x000007fef9587000 	C:\windows\system32\IPHLPAPI.DLL
0x000007fef9550000 - 0x000007fef955b000 	C:\windows\system32\WINNSI.DLL
0x000007fef92e0000 - 0x000007fef92f8000 	C:\windows\system32\dhcpcsvc.DLL
0x000007fef91e0000 - 0x000007fef91f1000 	C:\windows\system32\dhcpcsvc6.DLL
0x000007fef5fe0000 - 0x000007fef5fed000 	C:\Program Files\Android\Android Studio\jre\jre\bin\management.dll
0x000007fefc8c0000 - 0x000007fefc917000 	C:\windows\system32\apphelp.dll

VM Arguments:
jvm_args: -XX:MaxPermSize=256m -XX:+HeapDumpOnOutOfMemoryError -Xmx1024m -Dfile.encoding=windows-1252 -Duser.country=US -Duser.language=en -Duser.variant 
java_command: org.gradle.launcher.daemon.bootstrap.GradleDaemon 2.14.1
java_class_path (initial): C:\Program Files\Android\Android Studio\gradle\gradle-2.14.1\lib\gradle-launcher-2.14.1.jar
Launcher Type: SUN_STANDARD

Environment Variables:
PATH=C:\ProgramData\Oracle\Java\javapath;C:\Program Files\Common Files\Microsoft Shared\Windows Live;C:\Program Files (x86)\Common Files\Microsoft Shared\Windows Live;C:\oracle\product\11.2.0\client_1\bin;C:\windows\system32;C:\windows;C:\windows\System32\Wbem;C:\windows\System32\WindowsPowerShell\v1.0\;C:\Program Files (x86)\Windows Live\Shared;G:\wnt\reskit;G:\wnt\utils;G:\wnt\perl;
USERNAME=qq
OS=Windows_NT
PROCESSOR_IDENTIFIER=Intel64 Family 6 Model 23 Stepping 10, GenuineIntel



---------------  S Y S T E M  ---------------

OS: Windows 7 , 64 bit Build 7601 (6.1.7601.23569)

CPU:total 2 (2 cores per cpu, 1 threads per core) family 6 model 23 stepping 10, cmov, cx8, fxsr, mmx, sse, sse2, sse3, ssse3, sse4.1, tsc

Memory: 4k page, physical 4116372k(150012k free), swap 4626512k(4532k free)

vm_info: OpenJDK 64-Bit Server VM (25.76-b03) for windows-amd64 JRE (1.8.0_76-release-b03), built on Jun 29 2016 19:09:20 by "ralucas" with MS VC++ 10.0 (VS2010)

time: Sun Feb 12 11:27:50 2017
elapsed time: 1280 seconds (0d 0h 21m 20s)

